2026-04-09 18:01:41 - quote_importer - INFO - Starting import of all quotes
2026-04-09 18:01:41 - quote_importer - INFO - - Importing 18 time series
2026-04-09 18:01:41 - quote_importer - INFO - - Time series to be imported: ['BNP.WA_1d', 'BDX.WA_1d', 'CDR.WA_1d', 'DNP.WA_1d', 'BHW.WA_1d', 'ING.WA_1d', 'KGH.WA_1d', 'LPP.WA_1d', 'MBK.WA_1d', 'MIL.WA_1d']
2026-04-09 18:01:47 - quote_importer - INFO - - Downloaded 53011 quotes, 104 dividends, 2 splits for 10 time series
2026-04-09 18:01:54 - quote_importer - INFO - - Writing 53011 quotes, 104 dividends, 2 splits to db
2026-04-09 18:01:54 - quote_importer - INFO - Inserting batch 1 (3276 records)...
2026-04-09 18:02:55 - quote_importer - INFO - Inserting batch 2 (3276 records)...
2026-04-09 18:03:38 - quote_importer - INFO - Inserting batch 3 (3276 records)...
2026-04-09 18:03:39 - quote_importer - INFO - Inserting batch 4 (3276 records)...
2026-04-09 18:03:40 - quote_importer - INFO - Inserting batch 5 (3276 records)...
2026-04-09 18:03:40 - quote_importer - INFO - Inserting batch 6 (3276 records)...
2026-04-09 18:03:41 - quote_importer - INFO - Inserting batch 7 (3276 records)...
2026-04-09 18:03:42 - quote_importer - INFO - Inserting batch 8 (3276 records)...
2026-04-09 18:03:42 - quote_importer - INFO - Inserting batch 9 (3276 records)...
2026-04-09 18:03:43 - quote_importer - INFO - Inserting batch 10 (3276 records)...
2026-04-09 18:03:44 - quote_importer - INFO - Inserting batch 11 (3276 records)...
2026-04-09 18:03:44 - quote_importer - INFO - Inserting batch 12 (3276 records)...
2026-04-09 18:03:45 - quote_importer - INFO - Inserting batch 13 (3276 records)...
2026-04-09 18:03:46 - quote_importer - INFO - Inserting batch 14 (3276 records)...
2026-04-09 18:03:46 - quote_importer - INFO - Inserting batch 15 (3276 records)...
2026-04-09 18:03:47 - quote_importer - INFO - Inserting batch 16 (3276 records)...
2026-04-09 18:03:47 - quote_importer - INFO - Inserting batch 17 (595 records)...
2026-04-09 18:05:34 - quote_importer - INFO - - Written to database
2026-04-09 18:06:20 - quote_importer - INFO - - Downloaded 29447 quotes, 93 dividends, 1 splits for 8 time series
2026-04-09 18:06:20 - quote_importer - INFO - - Writing 29447 quotes, 93 dividends, 1 splits to db
2026-04-09 18:06:20 - quote_importer - INFO - Inserting batch 1 (3276 records)...
2026-04-09 18:06:20 - quote_importer - INFO - Inserting batch 2 (3276 records)...
2026-04-09 18:06:21 - quote_importer - INFO - Inserting batch 3 (3276 records)...
2026-04-09 18:06:22 - quote_importer - INFO - Inserting batch 4 (3276 records)...
2026-04-09 18:06:22 - quote_importer - INFO - Inserting batch 5 (3276 records)...
2026-04-09 18:06:23 - quote_importer - INFO - Inserting batch 6 (3276 records)...
2026-04-09 18:06:24 - quote_importer - INFO - Inserting batch 7 (3276 records)...
2026-04-09 18:06:24 - quote_importer - INFO - Inserting batch 8 (3276 records)...
2026-04-09 18:06:25 - quote_importer - INFO - Inserting batch 9 (3239 records)...
2026-04-09 18:06:31 - quote_importer - INFO - - Written to database
2026-04-09 18:07:04 - quote_importer - INFO - ------------------------------------
2026-04-09 18:07:04 - quote_importer - INFO - Summary report of import
2026-04-09 18:07:04 - quote_importer - INFO - ------------------------------------
2026-04-09 18:07:04 - quote_importer - INFO - Import started at: 2026-04-09 18:01:41
2026-04-09 18:07:04 - quote_importer - INFO - Import end at    : 2026-04-09 18:07:04
2026-04-09 18:07:04 - quote_importer - INFO - ------------------------------------
2026-04-09 18:07:04 - quote_importer - INFO - VfiTs to be imported: 18
2026-04-09 18:07:04 - quote_importer - INFO - VfiTs to be imported by timeframe:
2026-04-09 18:07:04 - quote_importer - INFO -  - 1m: 0
2026-04-09 18:07:04 - quote_importer - INFO -  - 1h: 0
2026-04-09 18:07:04 - quote_importer - INFO -  - 1d: 18
2026-04-09 18:07:04 - quote_importer - INFO -  - 1w: 0
2026-04-09 18:07:04 - quote_importer - INFO -  - 1M: 0
2026-04-09 18:07:04 - quote_importer - INFO - VfiTs fetched    :  18
2026-04-09 18:07:04 - quote_importer - INFO - VfiTs not fetched: 0
2026-04-09 18:07:04 - quote_importer - INFO - Error during fetching : 0
2026-04-09 18:07:04 - quote_importer - INFO - No new data fetch.... : 0
2026-04-09 18:07:04 - quote_importer - INFO - Quotes fetched....... : 82458
2026-04-09 18:07:04 - quote_importer - INFO - Dividends fetched.... : 197
2026-04-09 18:07:04 - quote_importer - INFO - Splits fetched....... : 3
2026-04-09 18:07:04 - quote_importer - INFO - Fetch errors..........: []
2026-04-09 18:07:04 - quote_importer - INFO - Chunk size............: 10
2026-04-09 18:07:04 - quote_importer - INFO - Chunks number.........: 2
2026-04-09 18:07:04 - quote_importer - INFO - ------------------------------------
